<?xml version="1.0" encoding="UTF-8"?>
<!-- Generated by org.testng.reporters.JUnitXMLReporter -->
<testsuite hostname="ATMECSINLT-085" ignored="0" name="Test1" tests="3" failures="2" timestamp="2019-09-06T16:46:36 IST" time="0.181" errors="0">
  <testcase name="flightticket" time="0.008" classname="org.atmecs.utils.flight_ticket.AppTest">
    <failure type="java.lang.NullPointerException">
      <![CDATA[java.lang.NullPointerException
at org.atmecs.utils.flight_ticket.AppTest.flightticket(AppTest.java:45)
at java.util.ArrayList.forEach(Unknown Source)
... Removed 27 stack frames]]>
    </failure>
  </testcase> <!-- flightticket -->
  <testcase name="testApp" time="0.011" classname="org.atmecs.utils.flight_ticket.AppTest"/>
  <testcase name="price" time="0.003" classname="org.atmecs.utils.flight_ticket.Pricechoosen">
    <failure type="java.lang.NullPointerException">
      <![CDATA[java.lang.NullPointerException
at org.atmecs.utils.flight_ticket.Pricechoosen.price(Pricechoosen.java:28)
at java.util.ArrayList.forEach(Unknown Source)
... Removed 27 stack frames]]>
    </failure>
  </testcase> <!-- price -->
</testsuite> <!-- Test1 -->
