<?xml version="1.0" encoding="UTF-8"?>
<!-- Generated by org.testng.reporters.JUnitXMLReporter -->
<testsuite hostname="ATMECSINLT-085" ignored="0" name="Default test" tests="4" failures="0" timestamp="2019-09-06T11:32:23 IST" time="42.809" errors="0">
  <testcase name="flightticket" time="20.693" classname="org.atmecs.utils.roundtrip.AppTest"/>
  <testcase name="testApp" time="0.004" classname="org.atmecs.utils.roundtrip.AppTest"/>
  <testcase name="price" time="8.889" classname="org.atmecs.utils.roundtrip.Pricechoosen"/>
  <testcase name="edit" time="11.905" classname="org.atmecs.utils.roundtrip.Edit"/>
</testsuite> <!-- Default test -->
