<?xml version="1.0" encoding="UTF-8"?>
<!-- Generated by org.testng.reporters.JUnitXMLReporter -->
<testsuite hostname="ATMECSINLT-085" ignored="2" name="Test" tests="9" failures="6" timestamp="2019-09-06T11:54:55 IST" time="1.533" errors="0">
  <testcase name="testApp" time="0.035" classname="org.atmecs.utils.roundtrip.AppTest"/>
  <testcase name="testApp" time="0.046" classname="org.atmecs.utils.roundtrip.AppTest"/>
  <testcase name="testApp" time="0.005" classname="org.atmecs.utils.roundtrip.AppTest"/>
  <testcase name="flightticket" time="0.019" classname="org.atmecs.utils.roundtrip.AppTest">
    <failure type="java.lang.NullPointerException">
      <![CDATA[java.lang.NullPointerException
at org.atmecs.utils.roundtrip.AppTest.flightticket(AppTest.java:47)
at java.util.concurrent.ThreadPoolExecutor.runWorker(Unknown Source)
at java.util.concurrent.ThreadPoolExecutor$Worker.run(Unknown Source)
at java.lang.Thread.run(Unknown Source)
... Removed 12 stack frames]]>
    </failure>
  </testcase> <!-- flightticket -->
  <testcase name="price" time="0.005" classname="org.atmecs.utils.roundtrip.Pricechoosen">
    <failure type="java.lang.NullPointerException">
      <![CDATA[java.lang.NullPointerException
at org.atmecs.utils.roundtrip.Pricechoosen.price(Pricechoosen.java:31)
at java.util.concurrent.ThreadPoolExecutor.runWorker(Unknown Source)
at java.util.concurrent.ThreadPoolExecutor$Worker.run(Unknown Source)
at java.lang.Thread.run(Unknown Source)
... Removed 12 stack frames]]>
    </failure>
  </testcase> <!-- price -->
  <testcase name="flightticket" time="0.008" classname="org.atmecs.utils.roundtrip.AppTest">
    <failure type="java.lang.NullPointerException">
      <![CDATA[java.lang.NullPointerException
at org.atmecs.utils.roundtrip.AppTest.flightticket(AppTest.java:47)
at java.util.concurrent.ThreadPoolExecutor.runWorker(Unknown Source)
at java.util.concurrent.ThreadPoolExecutor$Worker.run(Unknown Source)
at java.lang.Thread.run(Unknown Source)
... Removed 12 stack frames]]>
    </failure>
  </testcase> <!-- flightticket -->
  <testcase name="price" time="0.004" classname="org.atmecs.utils.roundtrip.Pricechoosen">
    <failure type="java.lang.NullPointerException">
      <![CDATA[java.lang.NullPointerException
at org.atmecs.utils.roundtrip.Pricechoosen.price(Pricechoosen.java:31)
at java.util.concurrent.ThreadPoolExecutor.runWorker(Unknown Source)
at java.util.concurrent.ThreadPoolExecutor$Worker.run(Unknown Source)
at java.lang.Thread.run(Unknown Source)
... Removed 12 stack frames]]>
    </failure>
  </testcase> <!-- price -->
  <testcase name="flightticket" time="0.009" classname="org.atmecs.utils.roundtrip.AppTest">
    <failure type="java.lang.NullPointerException">
      <![CDATA[java.lang.NullPointerException
at org.atmecs.utils.roundtrip.AppTest.flightticket(AppTest.java:47)
at java.util.concurrent.ThreadPoolExecutor.runWorker(Unknown Source)
at java.util.concurrent.ThreadPoolExecutor$Worker.run(Unknown Source)
at java.lang.Thread.run(Unknown Source)
... Removed 12 stack frames]]>
    </failure>
  </testcase> <!-- flightticket -->
  <testcase name="edit" time="0.004" classname="org.atmecs.utils.roundtrip.Edit">
    <failure type="java.lang.NullPointerException">
      <![CDATA[java.lang.NullPointerException
at org.atmecs.utils.helper.Help.sendkeysString(Help.java:24)
at org.atmecs.utils.roundtrip.Edit.edit(Edit.java:28)
at java.util.concurrent.ThreadPoolExecutor.runWorker(Unknown Source)
at java.util.concurrent.ThreadPoolExecutor$Worker.run(Unknown Source)
at java.lang.Thread.run(Unknown Source)
... Removed 12 stack frames]]>
    </failure>
  </testcase> <!-- edit -->
  <testcase name="@BeforeSuite setup" time="0.0" classname="org.atmecs.utils.testbase.Presetup">
    <ignored/>
  </testcase> <!-- @BeforeSuite setup -->
  <testcase name="@BeforeSuite setup" time="0.0" classname="org.atmecs.utils.testbase.Presetup">
    <ignored/>
  </testcase> <!-- @BeforeSuite setup -->
</testsuite> <!-- Test -->
