<?xml version="1.0" encoding="UTF-8"?>
<!-- Generated by org.testng.reporters.JUnitXMLReporter -->
<testsuite hostname="ATMECSINLT-085" ignored="2" name="Test2" tests="9" failures="5" timestamp="2019-09-06T11:55:18 IST" time="22.567" errors="0">
  <testcase name="testApp" time="0.001" classname="org.atmecs.utils.flight_ticket.AppTest"/>
  <testcase name="testApp" time="0.002" classname="org.atmecs.utils.flight_ticket.AppTest"/>
  <testcase name="testApp" time="0.002" classname="org.atmecs.utils.flight_ticket.AppTest"/>
  <testcase name="flightticket" time="0.002" classname="org.atmecs.utils.flight_ticket.AppTest">
    <failure type="java.lang.NullPointerException">
      <![CDATA[java.lang.NullPointerException
at org.atmecs.utils.flight_ticket.AppTest.flightticket(AppTest.java:45)
at java.util.concurrent.ThreadPoolExecutor.runWorker(Unknown Source)
at java.util.concurrent.ThreadPoolExecutor$Worker.run(Unknown Source)
at java.lang.Thread.run(Unknown Source)
... Removed 12 stack frames]]>
    </failure>
  </testcase> <!-- flightticket -->
  <testcase name="price" time="0.002" classname="org.atmecs.utils.flight_ticket.Pricechoosen">
    <failure type="java.lang.NullPointerException">
      <![CDATA[java.lang.NullPointerException
at org.atmecs.utils.flight_ticket.Pricechoosen.price(Pricechoosen.java:28)
at java.util.concurrent.ThreadPoolExecutor.runWorker(Unknown Source)
at java.util.concurrent.ThreadPoolExecutor$Worker.run(Unknown Source)
at java.lang.Thread.run(Unknown Source)
... Removed 12 stack frames]]>
    </failure>
  </testcase> <!-- price -->
  <testcase name="edit" time="0.002" classname="org.atmecs.utils.flight_ticket.Edit">
    <failure type="java.lang.NullPointerException">
      <![CDATA[java.lang.NullPointerException
at org.atmecs.utils.helper.Help.sendkeysString(Help.java:24)
at org.atmecs.utils.flight_ticket.Edit.edit(Edit.java:30)
at java.util.concurrent.ThreadPoolExecutor.runWorker(Unknown Source)
at java.util.concurrent.ThreadPoolExecutor$Worker.run(Unknown Source)
at java.lang.Thread.run(Unknown Source)
... Removed 12 stack frames]]>
    </failure>
  </testcase> <!-- edit -->
  <testcase name="price" time="0.022" classname="org.atmecs.utils.flight_ticket.Pricechoosen">
    <failure type="java.lang.NullPointerException">
      <![CDATA[java.lang.NullPointerException
at org.atmecs.utils.flight_ticket.Pricechoosen.price(Pricechoosen.java:28)
at java.util.concurrent.ThreadPoolExecutor.runWorker(Unknown Source)
at java.util.concurrent.ThreadPoolExecutor$Worker.run(Unknown Source)
at java.lang.Thread.run(Unknown Source)
... Removed 12 stack frames]]>
    </failure>
  </testcase> <!-- price -->
  <testcase name="flightticket" time="0.031" classname="org.atmecs.utils.flight_ticket.AppTest">
    <failure type="java.lang.NullPointerException">
      <![CDATA[java.lang.NullPointerException
at org.atmecs.utils.flight_ticket.AppTest.flightticket(AppTest.java:45)
at java.util.concurrent.ThreadPoolExecutor.runWorker(Unknown Source)
at java.util.concurrent.ThreadPoolExecutor$Worker.run(Unknown Source)
at java.lang.Thread.run(Unknown Source)
... Removed 12 stack frames]]>
    </failure>
  </testcase> <!-- flightticket -->
  <testcase name="flightticket" time="22.507" classname="org.atmecs.utils.flight_ticket.AppTest"/>
  <testcase name="@BeforeSuite setup" time="0.0" classname="org.atmecs.utils.testbase.Presetup">
    <ignored/>
  </testcase> <!-- @BeforeSuite setup -->
  <testcase name="@BeforeSuite setup" time="0.0" classname="org.atmecs.utils.testbase.Presetup">
    <ignored/>
  </testcase> <!-- @BeforeSuite setup -->
</testsuite> <!-- Test2 -->
