<?xml version="1.0" encoding="UTF-8"?>
<!-- Generated by org.testng.reporters.JUnitXMLReporter -->
<testsuite hostname="ATMECSINLT-085" ignored="0" name="Test1" tests="4" failures="3" timestamp="2019-09-06T16:56:45 IST" time="1.464" errors="0">
  <testcase name="flightticket" time="0.026" classname="org.atmecs.utils.roundtrip.AppTest">
    <failure type="java.lang.NullPointerException">
      <![CDATA[java.lang.NullPointerException
at org.atmecs.utils.roundtrip.AppTest.flightticket(AppTest.java:47)
at java.util.ArrayList.forEach(Unknown Source)
at java.util.concurrent.FutureTask.run(Unknown Source)
at java.util.concurrent.ThreadPoolExecutor.runWorker(Unknown Source)
at java.util.concurrent.ThreadPoolExecutor$Worker.run(Unknown Source)
at java.lang.Thread.run(Unknown Source)
... Removed 18 stack frames]]>
    </failure>
  </testcase> <!-- flightticket -->
  <testcase name="testApp" time="0.018" classname="org.atmecs.utils.roundtrip.AppTest"/>
  <testcase name="price" time="0.006" classname="org.atmecs.utils.roundtrip.Pricechoosen">
    <failure type="java.lang.NullPointerException">
      <![CDATA[java.lang.NullPointerException
at org.atmecs.utils.roundtrip.Pricechoosen.price(Pricechoosen.java:31)
at java.util.ArrayList.forEach(Unknown Source)
at java.util.concurrent.FutureTask.run(Unknown Source)
at java.util.concurrent.ThreadPoolExecutor.runWorker(Unknown Source)
at java.util.concurrent.ThreadPoolExecutor$Worker.run(Unknown Source)
at java.lang.Thread.run(Unknown Source)
... Removed 18 stack frames]]>
    </failure>
  </testcase> <!-- price -->
  <testcase name="edit" time="0.004" classname="org.atmecs.utils.roundtrip.Edit">
    <failure type="java.lang.NullPointerException">
      <![CDATA[java.lang.NullPointerException
at org.atmecs.utils.helper.Help.sendkeysString(Help.java:24)
at org.atmecs.utils.roundtrip.Edit.edit(Edit.java:28)
at java.util.ArrayList.forEach(Unknown Source)
at java.util.concurrent.FutureTask.run(Unknown Source)
at java.util.concurrent.ThreadPoolExecutor.runWorker(Unknown Source)
at java.util.concurrent.ThreadPoolExecutor$Worker.run(Unknown Source)
at java.lang.Thread.run(Unknown Source)
... Removed 18 stack frames]]>
    </failure>
  </testcase> <!-- edit -->
</testsuite> <!-- Test1 -->
