<?xml version="1.0" encoding="UTF-8"?>
<!-- Generated by org.testng.reporters.JUnitXMLReporter -->
<testsuite hostname="ATMECSINLT-085" ignored="0" name="Test2" tests="4" failures="0" timestamp="2019-09-06T16:57:23 IST" time="39.496" errors="0">
  <testcase name="flightticket" time="19.188" classname="org.atmecs.utils.flight_ticket.AppTest"/>
  <testcase name="testApp" time="0.001" classname="org.atmecs.utils.flight_ticket.AppTest"/>
  <testcase name="price" time="7.472" classname="org.atmecs.utils.flight_ticket.Pricechoosen"/>
  <testcase name="edit" time="11.553" classname="org.atmecs.utils.flight_ticket.Edit"/>
</testsuite> <!-- Test2 -->
