<?xml version="1.0" encoding="UTF-8"?>
<!-- Generated by org.testng.reporters.JUnitXMLReporter -->
<testsuite hostname="ATMECSINLT-085" ignored="0" name="Test" tests="7" failures="0" timestamp="2019-09-06T19:59:17 IST" time="66.973" errors="0">
  <testcase name="flightticket" time="28.211" classname="org.atmecs.utils.flight_ticket.AppTest"/>
  <testcase name="flightticket" time="32.463" classname="org.atmecs.utils.roundtrip.AppTest"/>
  <testcase name="testApp" time="0.004" classname="org.atmecs.utils.roundtrip.AppTest"/>
  <testcase name="price" time="14.455" classname="org.atmecs.utils.flight_ticket.Pricechoosen"/>
  <testcase name="price" time="13.822" classname="org.atmecs.utils.roundtrip.Pricechoosen"/>
  <testcase name="edit" time="10.667" classname="org.atmecs.utils.roundtrip.Edit"/>
  <testcase name="edit" time="15.117" classname="org.atmecs.utils.flight_ticket.Edit"/>
</testsuite> <!-- Test -->
